<?xml version="1.0" encoding="utf-8" standalone="no"?>
<!--This file represents the results of running a test suite-->
<test-results name="D:\For New Computer\KSPCustomMods\ReeperCommon\UnitTests\UnitTests.nunit" total="1" errors="0" failures="0" not-run="0" inconclusive="0" ignored="0" skipped="0" invalid="0" date="2015-01-25" time="14:28:13">
  <environment nunit-version="2.6.4.14350" clr-version="2.0.50727.5485" os-version="Microsoft Windows NT 6.1.7601 Service Pack 1" platform="Win32NT" cwd="D:\For New Computer\KSPCustomMods\ReeperCommon\packages\NUnit.Runners.2.6.4\tools" machine-name="ALLEN-PC" user="Allen" user-domain="Allen-PC" />
  <culture-info current-culture="en-US" current-uiculture="en-US" />
  <test-suite type="Project" name="D:\For New Computer\KSPCustomMods\ReeperCommon\UnitTests\UnitTests.nunit" executed="True" result="Success" success="True" time="0.075" asserts="0">
    <results>
      <test-suite type="Assembly" name="D:\For New Computer\KSPCustomMods\ReeperCommon\UnitTests\bin\Debug\UnitTests.dll" executed="True" result="Success" success="True" time="0.056" asserts="0">
        <results>
          <test-suite type="Namespace" name="UnitTests" executed="True" result="Success" success="True" time="0.055" asserts="0">
            <results>
              <test-suite type="TestFixture" name="DirectoryTest" executed="True" result="Success" success="True" time="0.054" asserts="0">
                <results>
                  <test-case name="UnitTests.DirectoryTest.FirstTest" executed="True" result="Success" success="True" time="0.038" asserts="1" />
                </results>
              </test-suite>
            </results>
          </test-suite>
        </results>
      </test-suite>
    </results>
  </test-suite>
</test-results>